Connected to MongoDB
Connected to MongoDB
Connected to MongoDB
Connected to MongoDB
Server running on port 8000
Connected to MongoDB
Server running on port 8000
Connected to MongoDB
Connected to MongoDB
Connected to MongoDB
Connected to MongoDB
Connected to MongoDB
Connected to MongoDB
Connected to MongoDB
Connected to MongoDB
Connected to MongoDB
Connected to MongoDB
Connected to MongoDB
Connected to MongoDB
Connected to MongoDB
Connected to MongoDB
Connected to MongoDB
Connected to MongoDB
Connected to MongoDB
Connected to MongoDB
Connected to MongoDB
Connected to MongoDB
Connected to MongoDB
Connected to MongoDB
Connected to MongoDB
Connected to MongoDB
Connected to MongoDB
Connected to MongoDB
Connected to MongoDB
Connected to MongoDB
Connected to MongoDB
Connected to MongoDB
Connected to MongoDB
Connected to MongoDB
Connected to MongoDB
Connected to MongoDB
Connected to MongoDB
Connected to MongoDB
Connected to MongoDB
Connected to MongoDB
Connected to MongoDB
Connected to MongoDB
Connected to MongoDB
Connected to MongoDB
Connected to MongoDB
Connected to MongoDB
Connected to MongoDB
Connected to MongoDB
Connected to MongoDB
Connected to MongoDB
Connected to MongoDB
Connected to MongoDB
Connected to MongoDB
Connected to MongoDB
Connected to MongoDB
Connected to MongoDB
Connected to MongoDB
Connected to MongoDB
Connected to MongoDB
Connected to MongoDB
Connected to MongoDB
Connected to MongoDB
Connected to MongoDB
Connected to MongoDB
Connected to MongoDB
Connected to MongoDB
Connected to MongoDB
Connected to MongoDB
Connected to MongoDB
Connected to MongoDB
Connected to MongoDB
Connected to MongoDB
Connected to MongoDB
Connected to MongoDB
Connected to MongoDB
Connected to MongoDB
Connected to MongoDB
Connected to MongoDB
Connected to MongoDB
Connected to MongoDB
Connected to MongoDB
Connected to MongoDB
Connected to MongoDB
Connected to MongoDB
Connected to MongoDB
Connected to MongoDB
Connected to MongoDB
Connected to MongoDB
Connected to MongoDB
Connected to MongoDB
Connected to MongoDB
Connected to MongoDB
Connected to MongoDB
Connected to MongoDB
Connected to MongoDB
Connected to MongoDB
Connected to MongoDB
Connected to MongoDB
Connected to MongoDB
GET /
Connected to MongoDB
Connected to MongoDB
Connected to MongoDB
GET /css/style.css
Connected to MongoDB
GET /favicon.ico
Connected to MongoDB
Connected to MongoDB
Connected to MongoDB
Connected to MongoDB
Connected to MongoDB
Connected to MongoDB
Connected to MongoDB
Connected to MongoDB
Connected to MongoDB
Connected to MongoDB
Connected to MongoDB
Connected to MongoDB
Connected to MongoDB
Connected to MongoDB
Connected to MongoDB
Connected to MongoDB
Connected to MongoDB
Connected to MongoDB
Connected to MongoDB
Connected to MongoDB
Connected to MongoDB
Connected to MongoDB
Connected to MongoDB
Connected to MongoDB
Connected to MongoDB
Connected to MongoDB
Connected to MongoDB
Connected to MongoDB
Connected to MongoDB
Connected to MongoDB
Connected to MongoDB
Connected to MongoDB
Connected to MongoDB
Connected to MongoDB
Connected to MongoDB
Connected to MongoDB
Connected to MongoDB
Connected to MongoDB
Connected to MongoDB
Connected to MongoDB
Connected to MongoDB
Connected to MongoDB
Connected to MongoDB
Connected to MongoDB
Connected to MongoDB
Connected to MongoDB
Connected to MongoDB
Connected to MongoDB
Connected to MongoDB
Connected to MongoDB
Connected to MongoDB
Connected to MongoDB
Connected to MongoDB
Connected to MongoDB
Connected to MongoDB
Connected to MongoDB
Connected to MongoDB
Connected to MongoDB
Connected to MongoDB
Connected to MongoDB
Connected to MongoDB
Connected to MongoDB
Connected to MongoDB
Connected to MongoDB
Connected to MongoDB
Connected to MongoDB
Connected to MongoDB
Connected to MongoDB
Connected to MongoDB
Connected to MongoDB
Connected to MongoDB
Connected to MongoDB
Connected to MongoDB
Connected to MongoDB
Connected to MongoDB
Connected to MongoDB
Connected to MongoDB
Connected to MongoDB
Connected to MongoDB
Connected to MongoDB
Connected to MongoDB
Connected to MongoDB
Connected to MongoDB
Connected to MongoDB
Connected to MongoDB
Connected to MongoDB
Connected to MongoDB
Connected to MongoDB
Connected to MongoDB
Connected to MongoDB
Connected to MongoDB
Connected to MongoDB
Connected to MongoDB
Connected to MongoDB
Connected to MongoDB
Connected to MongoDB
Connected to MongoDB
Connected to MongoDB
Connected to MongoDB
Connected to MongoDB
Connected to MongoDB
Connected to MongoDB
Connected to MongoDB
Connected to MongoDB
Connected to MongoDB
Connected to MongoDB
Connected to MongoDB
Connected to MongoDB
Connected to MongoDB
Connected to MongoDB
Connected to MongoDB
Connected to MongoDB
Connected to MongoDB
Connected to MongoDB
Connected to MongoDB
Connected to MongoDB
Connected to MongoDB
Connected to MongoDB
Connected to MongoDB
Connected to MongoDB
Connected to MongoDB
Connected to MongoDB
Connected to MongoDB
Connected to MongoDB
Connected to MongoDB
Connected to MongoDB
Connected to MongoDB
Connected to MongoDB
Connected to MongoDB
Connected to MongoDB
Connected to MongoDB
Connected to MongoDB
Connected to MongoDB
Connected to MongoDB
Connected to MongoDB
Connected to MongoDB
Connected to MongoDB
Connected to MongoDB
Connected to MongoDB
Connected to MongoDB
Connected to MongoDB
Connected to MongoDB
Connected to MongoDB
Connected to MongoDB
Connected to MongoDB
Connected to MongoDB
Connected to MongoDB
Connected to MongoDB
Connected to MongoDB
Connected to MongoDB
Connected to MongoDB
Connected to MongoDB
Connected to MongoDB
Connected to MongoDB
Connected to MongoDB
Connected to MongoDB
Connected to MongoDB
Connected to MongoDB
Connected to MongoDB
Connected to MongoDB
Connected to MongoDB
Connected to MongoDB
Connected to MongoDB
Connected to MongoDB
Connected to MongoDB
Connected to MongoDB
Connected to MongoDB
Connected to MongoDB
Connected to MongoDB
Connected to MongoDB
Connected to MongoDB
Connected to MongoDB
Connected to MongoDB
Connected to MongoDB
Connected to MongoDB
Connected to MongoDB
